<?xml version="1.0" encoding="UTF-8"?>
<!-- Generated by org.testng.reporters.JUnitReportReporter -->
<testsuite skipped="0" hostname="WINDOWS-AH38UOK" name="MyAdobe.MyAdobeTest" tests="1" failures="0" timestamp="27 Feb 2018 06:19:35 GMT" time="30.666" errors="0">
  <testcase name="testAdobe" time="30.666" classname="MyAdobe.MyAdobeTest"/>
</testsuite> <!-- MyAdobe.MyAdobeTest -->
